running egg_info
creating ../../build/ur5_vision_control/ur5_vision_control.egg-info
writing ../../build/ur5_vision_control/ur5_vision_control.egg-info/PKG-INFO
writing dependency_links to ../../build/ur5_vision_control/ur5_vision_control.egg-info/dependency_links.txt
writing entry points to ../../build/ur5_vision_control/ur5_vision_control.egg-info/entry_points.txt
writing requirements to ../../build/ur5_vision_control/ur5_vision_control.egg-info/requires.txt
writing top-level names to ../../build/ur5_vision_control/ur5_vision_control.egg-info/top_level.txt
writing manifest file '../../build/ur5_vision_control/ur5_vision_control.egg-info/SOURCES.txt'
reading manifest file '../../build/ur5_vision_control/ur5_vision_control.egg-info/SOURCES.txt'
writing manifest file '../../build/ur5_vision_control/ur5_vision_control.egg-info/SOURCES.txt'
running build
running build_py
creating /home/marco/Documents/ur5-vision-control/ros2_ws/build/ur5_vision_control/build
creating /home/marco/Documents/ur5-vision-control/ros2_ws/build/ur5_vision_control/build/lib
creating /home/marco/Documents/ur5-vision-control/ros2_ws/build/ur5_vision_control/build/lib/ur5_vision_control
copying ur5_vision_control/__init__.py -> /home/marco/Documents/ur5-vision-control/ros2_ws/build/ur5_vision_control/build/lib/ur5_vision_control
running install
running install_lib
creating /home/marco/Documents/ur5-vision-control/ros2_ws/install/ur5_vision_control/lib/python3.10/site-packages/ur5_vision_control
copying /home/marco/Documents/ur5-vision-control/ros2_ws/build/ur5_vision_control/build/lib/ur5_vision_control/__init__.py -> /home/marco/Documents/ur5-vision-control/ros2_ws/install/ur5_vision_control/lib/python3.10/site-packages/ur5_vision_control
byte-compiling /home/marco/Documents/ur5-vision-control/ros2_ws/install/ur5_vision_control/lib/python3.10/site-packages/ur5_vision_control/__init__.py to __init__.cpython-310.pyc
running install_data
creating /home/marco/Documents/ur5-vision-control/ros2_ws/install/ur5_vision_control/share/ament_index
creating /home/marco/Documents/ur5-vision-control/ros2_ws/install/ur5_vision_control/share/ament_index/resource_index
creating /home/marco/Documents/ur5-vision-control/ros2_ws/install/ur5_vision_control/share/ament_index/resource_index/packages
copying resource/ur5_vision_control -> /home/marco/Documents/ur5-vision-control/ros2_ws/install/ur5_vision_control/share/ament_index/resource_index/packages
copying package.xml -> /home/marco/Documents/ur5-vision-control/ros2_ws/install/ur5_vision_control/share/ur5_vision_control
running install_egg_info
Copying ../../build/ur5_vision_control/ur5_vision_control.egg-info to /home/marco/Documents/ur5-vision-control/ros2_ws/install/ur5_vision_control/lib/python3.10/site-packages/ur5_vision_control-0.0.0-py3.10.egg-info
running install_scripts
writing list of installed files to '/home/marco/Documents/ur5-vision-control/ros2_ws/build/ur5_vision_control/install.log'
