[0.986s] Invoking command in '/home/marco/Documents/ur5-vision-control/ros2_ws/src/ur5_vision_control': PYTHONPATH=/home/marco/Documents/ur5-vision-control/ros2_ws/build/ur5_vision_control/prefix_override:/usr/lib/python3/dist-packages/colcon_core/task/python/colcon_distutils_commands:/home/marco/Documents/ur5-vision-control/ros2_ws/install/ur5_vision_control/lib/python3.10/site-packages: /usr/bin/python3 -W ignore:setup.py install is deprecated -W ignore:easy_install command is deprecated setup.py egg_info --egg-base ../../build/ur5_vision_control build --build-base /home/marco/Documents/ur5-vision-control/ros2_ws/build/ur5_vision_control/build install --record /home/marco/Documents/ur5-vision-control/ros2_ws/build/ur5_vision_control/install.log --single-version-externally-managed install_data
[1.272s] running egg_info
[1.272s] creating ../../build/ur5_vision_control/ur5_vision_control.egg-info
[1.273s] writing ../../build/ur5_vision_control/ur5_vision_control.egg-info/PKG-INFO
[1.273s] writing dependency_links to ../../build/ur5_vision_control/ur5_vision_control.egg-info/dependency_links.txt
[1.273s] writing entry points to ../../build/ur5_vision_control/ur5_vision_control.egg-info/entry_points.txt
[1.273s] writing requirements to ../../build/ur5_vision_control/ur5_vision_control.egg-info/requires.txt
[1.273s] writing top-level names to ../../build/ur5_vision_control/ur5_vision_control.egg-info/top_level.txt
[1.273s] writing manifest file '../../build/ur5_vision_control/ur5_vision_control.egg-info/SOURCES.txt'
[1.276s] reading manifest file '../../build/ur5_vision_control/ur5_vision_control.egg-info/SOURCES.txt'
[1.278s] writing manifest file '../../build/ur5_vision_control/ur5_vision_control.egg-info/SOURCES.txt'
[1.278s] running build
[1.278s] running build_py
[1.278s] creating /home/marco/Documents/ur5-vision-control/ros2_ws/build/ur5_vision_control/build
[1.278s] creating /home/marco/Documents/ur5-vision-control/ros2_ws/build/ur5_vision_control/build/lib
[1.278s] creating /home/marco/Documents/ur5-vision-control/ros2_ws/build/ur5_vision_control/build/lib/ur5_vision_control
[1.278s] copying ur5_vision_control/__init__.py -> /home/marco/Documents/ur5-vision-control/ros2_ws/build/ur5_vision_control/build/lib/ur5_vision_control
[1.279s] running install
[1.279s] running install_lib
[1.280s] creating /home/marco/Documents/ur5-vision-control/ros2_ws/install/ur5_vision_control/lib/python3.10/site-packages/ur5_vision_control
[1.280s] copying /home/marco/Documents/ur5-vision-control/ros2_ws/build/ur5_vision_control/build/lib/ur5_vision_control/__init__.py -> /home/marco/Documents/ur5-vision-control/ros2_ws/install/ur5_vision_control/lib/python3.10/site-packages/ur5_vision_control
[1.280s] byte-compiling /home/marco/Documents/ur5-vision-control/ros2_ws/install/ur5_vision_control/lib/python3.10/site-packages/ur5_vision_control/__init__.py to __init__.cpython-310.pyc
[1.280s] running install_data
[1.281s] creating /home/marco/Documents/ur5-vision-control/ros2_ws/install/ur5_vision_control/share/ament_index
[1.281s] creating /home/marco/Documents/ur5-vision-control/ros2_ws/install/ur5_vision_control/share/ament_index/resource_index
[1.281s] creating /home/marco/Documents/ur5-vision-control/ros2_ws/install/ur5_vision_control/share/ament_index/resource_index/packages
[1.281s] copying resource/ur5_vision_control -> /home/marco/Documents/ur5-vision-control/ros2_ws/install/ur5_vision_control/share/ament_index/resource_index/packages
[1.281s] copying package.xml -> /home/marco/Documents/ur5-vision-control/ros2_ws/install/ur5_vision_control/share/ur5_vision_control
[1.281s] running install_egg_info
[1.284s] Copying ../../build/ur5_vision_control/ur5_vision_control.egg-info to /home/marco/Documents/ur5-vision-control/ros2_ws/install/ur5_vision_control/lib/python3.10/site-packages/ur5_vision_control-0.0.0-py3.10.egg-info
[1.285s] running install_scripts
[1.312s] writing list of installed files to '/home/marco/Documents/ur5-vision-control/ros2_ws/build/ur5_vision_control/install.log'
[1.356s] Invoked command in '/home/marco/Documents/ur5-vision-control/ros2_ws/src/ur5_vision_control' returned '0': PYTHONPATH=/home/marco/Documents/ur5-vision-control/ros2_ws/build/ur5_vision_control/prefix_override:/usr/lib/python3/dist-packages/colcon_core/task/python/colcon_distutils_commands:/home/marco/Documents/ur5-vision-control/ros2_ws/install/ur5_vision_control/lib/python3.10/site-packages: /usr/bin/python3 -W ignore:setup.py install is deprecated -W ignore:easy_install command is deprecated setup.py egg_info --egg-base ../../build/ur5_vision_control build --build-base /home/marco/Documents/ur5-vision-control/ros2_ws/build/ur5_vision_control/build install --record /home/marco/Documents/ur5-vision-control/ros2_ws/build/ur5_vision_control/install.log --single-version-externally-managed install_data
