[0.238s] DEBUG:colcon:Command line arguments: ['/usr/bin/colcon', 'build']
[0.238s] DEBUG:colcon:Parsed command line arguments: Namespace(log_base=None, log_level=None, verb_name='build', build_base='build', install_base='install', merge_install=False, symlink_install=False, test_result_base=None, continue_on_error=False, executor='parallel', parallel_workers=8, event_handlers=None, ignore_user_meta=False, metas=['./colcon.meta'], base_paths=['.'], packages_ignore=None, packages_ignore_regex=None, paths=None, packages_up_to=None, packages_up_to_regex=None, packages_above=None, packages_above_and_dependencies=None, packages_above_depth=None, packages_select_by_dep=None, packages_skip_by_dep=None, packages_skip_up_to=None, packages_select_build_failed=False, packages_skip_build_finished=False, packages_select_test_failures=False, packages_skip_test_passed=False, packages_select=None, packages_skip=None, packages_select_regex=None, packages_skip_regex=None, packages_start=None, packages_end=None, allow_overriding=[], cmake_args=None, cmake_target=None, cmake_target_skip_unavailable=False, cmake_clean_cache=False, cmake_clean_first=False, cmake_force_configure=False, ament_cmake_args=None, catkin_cmake_args=None, catkin_skip_building_tests=False, verb_parser=<colcon_defaults.argument_parser.defaults.DefaultArgumentsDecorator object at 0x7b73c8d5d210>, verb_extension=<colcon_core.verb.build.BuildVerb object at 0x7b73c8e6a620>, main=<bound method BuildVerb.main of <colcon_core.verb.build.BuildVerb object at 0x7b73c8e6a620>>)
[0.640s] Level 1:colcon.colcon_core.package_discovery:discover_packages(colcon_meta) check parameters
[0.641s] Level 1:colcon.colcon_core.package_discovery:discover_packages(recursive) check parameters
[0.641s] Level 1:colcon.colcon_core.package_discovery:discover_packages(ignore) check parameters
[0.641s] Level 1:colcon.colcon_core.package_discovery:discover_packages(path) check parameters
[0.641s] Level 1:colcon.colcon_core.package_discovery:discover_packages(colcon_meta) discover
[0.641s] Level 1:colcon.colcon_core.package_discovery:discover_packages(recursive) discover
[0.641s] INFO:colcon.colcon_core.package_discovery:Crawling recursively for packages in '/home/marco/Documents/ur5-vision-control/ros2_ws/src'
[0.641s] Level 1:colcon.colcon_core.package_identification:_identify(.) by extensions ['ignore', 'ignore_ament_install']
[0.642s] Level 1:colcon.colcon_core.package_identification:_identify(.) by extension 'ignore'
[0.642s] Level 1:colcon.colcon_core.package_identification:_identify(.) by extension 'ignore_ament_install'
[0.642s] Level 1:colcon.colcon_core.package_identification:_identify(.) by extensions ['colcon_pkg']
[0.642s] Level 1:colcon.colcon_core.package_identification:_identify(.) by extension 'colcon_pkg'
[0.642s] Level 1:colcon.colcon_core.package_identification:_identify(.) by extensions ['colcon_meta']
[0.642s] Level 1:colcon.colcon_core.package_identification:_identify(.) by extension 'colcon_meta'
[0.642s] Level 1:colcon.colcon_core.package_identification:_identify(.) by extensions ['ros']
[0.642s] Level 1:colcon.colcon_core.package_identification:_identify(.) by extension 'ros'
[0.670s] Level 1:colcon.colcon_core.package_identification:_identify(.) by extensions ['cmake', 'python']
[0.670s] Level 1:colcon.colcon_core.package_identification:_identify(.) by extension 'cmake'
[0.670s] Level 1:colcon.colcon_core.package_identification:_identify(.) by extension 'python'
[0.670s] Level 1:colcon.colcon_core.package_identification:_identify(.) by extensions ['python_setup_py']
[0.670s] Level 1:colcon.colcon_core.package_identification:_identify(.) by extension 'python_setup_py'
[0.671s] Level 1:colcon.colcon_core.package_identification:_identify(build) by extensions ['ignore', 'ignore_ament_install']
[0.671s] Level 1:colcon.colcon_core.package_identification:_identify(build) by extension 'ignore'
[0.671s] Level 1:colcon.colcon_core.package_identification:_identify(build) ignored
[0.671s] Level 1:colcon.colcon_core.package_identification:_identify(install) by extensions ['ignore', 'ignore_ament_install']
[0.671s] Level 1:colcon.colcon_core.package_identification:_identify(install) by extension 'ignore'
[0.672s] Level 1:colcon.colcon_core.package_identification:_identify(install) ignored
[0.672s] Level 1:colcon.colcon_core.package_identification:_identify(log) by extensions ['ignore', 'ignore_ament_install']
[0.672s] Level 1:colcon.colcon_core.package_identification:_identify(log) by extension 'ignore'
[0.672s] Level 1:colcon.colcon_core.package_identification:_identify(log) ignored
[0.672s] Level 1:colcon.colcon_core.package_identification:_identify(ur5_vision_control) by extensions ['ignore', 'ignore_ament_install']
[0.673s] Level 1:colcon.colcon_core.package_identification:_identify(ur5_vision_control) by extension 'ignore'
[0.673s] Level 1:colcon.colcon_core.package_identification:_identify(ur5_vision_control) by extension 'ignore_ament_install'
[0.673s] Level 1:colcon.colcon_core.package_identification:_identify(ur5_vision_control) by extensions ['colcon_pkg']
[0.673s] Level 1:colcon.colcon_core.package_identification:_identify(ur5_vision_control) by extension 'colcon_pkg'
[0.673s] Level 1:colcon.colcon_core.package_identification:_identify(ur5_vision_control) by extensions ['colcon_meta']
[0.673s] Level 1:colcon.colcon_core.package_identification:_identify(ur5_vision_control) by extension 'colcon_meta'
[0.673s] Level 1:colcon.colcon_core.package_identification:_identify(ur5_vision_control) by extensions ['ros']
[0.673s] Level 1:colcon.colcon_core.package_identification:_identify(ur5_vision_control) by extension 'ros'
[0.679s] DEBUG:colcon.colcon_core.package_identification:Package 'ur5_vision_control' with type 'ros.ament_python' and name 'ur5_vision_control'
[0.679s] Level 1:colcon.colcon_core.package_discovery:discover_packages(recursive) using defaults
[0.680s] Level 1:colcon.colcon_core.package_discovery:discover_packages(ignore) discover
[0.680s] Level 1:colcon.colcon_core.package_discovery:discover_packages(ignore) using defaults
[0.680s] Level 1:colcon.colcon_core.package_discovery:discover_packages(path) discover
[0.680s] Level 1:colcon.colcon_core.package_discovery:discover_packages(path) using defaults
[0.740s] Level 1:colcon.colcon_core.package_discovery:discover_packages(prefix_path) check parameters
[0.740s] Level 1:colcon.colcon_core.package_discovery:discover_packages(prefix_path) discover
[0.744s] DEBUG:colcon.colcon_installed_package_information.package_discovery:Found 1 installed packages in /home/marco/Documents/ur5-vision-control/ros2_ws/install
[0.745s] DEBUG:colcon.colcon_installed_package_information.package_discovery:Found 0 installed packages in /home/marco/Documents/ur5-vision-control/install
[0.750s] DEBUG:colcon.colcon_installed_package_information.package_discovery:Found 450 installed packages in /opt/ros/humble
[0.755s] Level 1:colcon.colcon_core.package_discovery:discover_packages(prefix_path) using defaults
[0.893s] Level 5:colcon.colcon_core.verb:set package 'ur5_vision_control' build argument 'cmake_args' from command line to 'None'
[0.893s] Level 5:colcon.colcon_core.verb:set package 'ur5_vision_control' build argument 'cmake_target' from command line to 'None'
[0.893s] Level 5:colcon.colcon_core.verb:set package 'ur5_vision_control' build argument 'cmake_target_skip_unavailable' from command line to 'False'
[0.893s] Level 5:colcon.colcon_core.verb:set package 'ur5_vision_control' build argument 'cmake_clean_cache' from command line to 'False'
[0.893s] Level 5:colcon.colcon_core.verb:set package 'ur5_vision_control' build argument 'cmake_clean_first' from command line to 'False'
[0.893s] Level 5:colcon.colcon_core.verb:set package 'ur5_vision_control' build argument 'cmake_force_configure' from command line to 'False'
[0.893s] Level 5:colcon.colcon_core.verb:set package 'ur5_vision_control' build argument 'ament_cmake_args' from command line to 'None'
[0.893s] Level 5:colcon.colcon_core.verb:set package 'ur5_vision_control' build argument 'catkin_cmake_args' from command line to 'None'
[0.893s] Level 5:colcon.colcon_core.verb:set package 'ur5_vision_control' build argument 'catkin_skip_building_tests' from command line to 'False'
[0.894s] DEBUG:colcon.colcon_core.verb:Building package 'ur5_vision_control' with the following arguments: {'ament_cmake_args': None, 'build_base': '/home/marco/Documents/ur5-vision-control/ros2_ws/src/build/ur5_vision_control', 'catkin_cmake_args': None, 'catkin_skip_building_tests': False, 'cmake_args': None, 'cmake_clean_cache': False, 'cmake_clean_first': False, 'cmake_force_configure': False, 'cmake_target': None, 'cmake_target_skip_unavailable': False, 'install_base': '/home/marco/Documents/ur5-vision-control/ros2_ws/src/install/ur5_vision_control', 'merge_install': False, 'path': '/home/marco/Documents/ur5-vision-control/ros2_ws/src/ur5_vision_control', 'symlink_install': False, 'test_result_base': None}
[0.894s] INFO:colcon.colcon_core.executor:Executing jobs using 'parallel' executor
[0.895s] DEBUG:colcon.colcon_parallel_executor.executor.parallel:run_until_complete
[0.895s] INFO:colcon.colcon_ros.task.ament_python.build:Building ROS package in '/home/marco/Documents/ur5-vision-control/ros2_ws/src/ur5_vision_control' with build type 'ament_python'
[0.896s] Level 1:colcon.colcon_core.shell:create_environment_hook('ur5_vision_control', 'ament_prefix_path')
[0.902s] INFO:colcon.colcon_core.plugin_system:Skipping extension 'colcon_core.shell.bat': Not used on non-Windows systems
[0.902s] INFO:colcon.colcon_core.shell:Creating environment hook '/home/marco/Documents/ur5-vision-control/ros2_ws/src/install/ur5_vision_control/share/ur5_vision_control/hook/ament_prefix_path.ps1'
[0.904s] INFO:colcon.colcon_core.shell:Creating environment descriptor '/home/marco/Documents/ur5-vision-control/ros2_ws/src/install/ur5_vision_control/share/ur5_vision_control/hook/ament_prefix_path.dsv'
[0.905s] INFO:colcon.colcon_core.shell:Creating environment hook '/home/marco/Documents/ur5-vision-control/ros2_ws/src/install/ur5_vision_control/share/ur5_vision_control/hook/ament_prefix_path.sh'
[0.908s] INFO:colcon.colcon_core.shell:Skip shell extension 'powershell' for command environment: Not usable outside of PowerShell
[0.908s] DEBUG:colcon.colcon_core.shell:Skip shell extension 'dsv' for command environment
[1.584s] INFO:colcon.colcon_core.task.python.build:Building Python package in '/home/marco/Documents/ur5-vision-control/ros2_ws/src/ur5_vision_control'
[1.585s] INFO:colcon.colcon_core.shell:Skip shell extension 'powershell' for command environment: Not usable outside of PowerShell
[1.585s] DEBUG:colcon.colcon_core.shell:Skip shell extension 'dsv' for command environment
[2.406s] DEBUG:colcon.colcon_core.event_handler.log_command:Invoking command in '/home/marco/Documents/ur5-vision-control/ros2_ws/src/ur5_vision_control': PYTHONPATH=/home/marco/Documents/ur5-vision-control/ros2_ws/src/build/ur5_vision_control/prefix_override:/usr/lib/python3/dist-packages/colcon_core/task/python/colcon_distutils_commands:/home/marco/Documents/ur5-vision-control/ros2_ws/src/install/ur5_vision_control/lib/python3.10/site-packages:${PYTHONPATH} /usr/bin/python3 -W ignore:setup.py install is deprecated -W ignore:easy_install command is deprecated setup.py egg_info --egg-base ../build/ur5_vision_control build --build-base /home/marco/Documents/ur5-vision-control/ros2_ws/src/build/ur5_vision_control/build install --record /home/marco/Documents/ur5-vision-control/ros2_ws/src/build/ur5_vision_control/install.log --single-version-externally-managed install_data
[3.071s] DEBUG:colcon.colcon_core.event_handler.log_command:Invoked command in '/home/marco/Documents/ur5-vision-control/ros2_ws/src/ur5_vision_control' returned '0': PYTHONPATH=/home/marco/Documents/ur5-vision-control/ros2_ws/src/build/ur5_vision_control/prefix_override:/usr/lib/python3/dist-packages/colcon_core/task/python/colcon_distutils_commands:/home/marco/Documents/ur5-vision-control/ros2_ws/src/install/ur5_vision_control/lib/python3.10/site-packages:${PYTHONPATH} /usr/bin/python3 -W ignore:setup.py install is deprecated -W ignore:easy_install command is deprecated setup.py egg_info --egg-base ../build/ur5_vision_control build --build-base /home/marco/Documents/ur5-vision-control/ros2_ws/src/build/ur5_vision_control/build install --record /home/marco/Documents/ur5-vision-control/ros2_ws/src/build/ur5_vision_control/install.log --single-version-externally-managed install_data
[3.075s] Level 1:colcon.colcon_core.environment:checking '/home/marco/Documents/ur5-vision-control/ros2_ws/src/install/ur5_vision_control' for CMake module files
[3.076s] Level 1:colcon.colcon_core.environment:checking '/home/marco/Documents/ur5-vision-control/ros2_ws/src/install/ur5_vision_control' for CMake config files
[3.077s] Level 1:colcon.colcon_core.environment:checking '/home/marco/Documents/ur5-vision-control/ros2_ws/src/install/ur5_vision_control/lib'
[3.078s] Level 1:colcon.colcon_core.environment:checking '/home/marco/Documents/ur5-vision-control/ros2_ws/src/install/ur5_vision_control/bin'
[3.078s] Level 1:colcon.colcon_core.environment:checking '/home/marco/Documents/ur5-vision-control/ros2_ws/src/install/ur5_vision_control/lib/pkgconfig/ur5_vision_control.pc'
[3.079s] Level 1:colcon.colcon_core.environment:checking '/home/marco/Documents/ur5-vision-control/ros2_ws/src/install/ur5_vision_control/lib/python3.10/site-packages'
[3.079s] Level 1:colcon.colcon_core.shell:create_environment_hook('ur5_vision_control', 'pythonpath')
[3.079s] INFO:colcon.colcon_core.shell:Creating environment hook '/home/marco/Documents/ur5-vision-control/ros2_ws/src/install/ur5_vision_control/share/ur5_vision_control/hook/pythonpath.ps1'
[3.080s] INFO:colcon.colcon_core.shell:Creating environment descriptor '/home/marco/Documents/ur5-vision-control/ros2_ws/src/install/ur5_vision_control/share/ur5_vision_control/hook/pythonpath.dsv'
[3.081s] INFO:colcon.colcon_core.shell:Creating environment hook '/home/marco/Documents/ur5-vision-control/ros2_ws/src/install/ur5_vision_control/share/ur5_vision_control/hook/pythonpath.sh'
[3.082s] Level 1:colcon.colcon_core.environment:checking '/home/marco/Documents/ur5-vision-control/ros2_ws/src/install/ur5_vision_control/bin'
[3.082s] Level 1:colcon.colcon_core.environment:create_environment_scripts_only(ur5_vision_control)
[3.083s] INFO:colcon.colcon_core.shell:Creating package script '/home/marco/Documents/ur5-vision-control/ros2_ws/src/install/ur5_vision_control/share/ur5_vision_control/package.ps1'
[3.085s] INFO:colcon.colcon_core.shell:Creating package descriptor '/home/marco/Documents/ur5-vision-control/ros2_ws/src/install/ur5_vision_control/share/ur5_vision_control/package.dsv'
[3.086s] INFO:colcon.colcon_core.shell:Creating package script '/home/marco/Documents/ur5-vision-control/ros2_ws/src/install/ur5_vision_control/share/ur5_vision_control/package.sh'
[3.087s] INFO:colcon.colcon_core.shell:Creating package script '/home/marco/Documents/ur5-vision-control/ros2_ws/src/install/ur5_vision_control/share/ur5_vision_control/package.bash'
[3.088s] INFO:colcon.colcon_core.shell:Creating package script '/home/marco/Documents/ur5-vision-control/ros2_ws/src/install/ur5_vision_control/share/ur5_vision_control/package.zsh'
[3.089s] Level 1:colcon.colcon_core.environment:create_file_with_runtime_dependencies(/home/marco/Documents/ur5-vision-control/ros2_ws/src/install/ur5_vision_control/share/colcon-core/packages/ur5_vision_control)
[3.090s] DEBUG:colcon.colcon_parallel_executor.executor.parallel:closing loop
[3.090s] DEBUG:colcon.colcon_parallel_executor.executor.parallel:loop closed
[3.091s] DEBUG:colcon.colcon_parallel_executor.executor.parallel:run_until_complete finished with '0'
[3.091s] DEBUG:colcon.colcon_core.event_reactor:joining thread
[3.101s] INFO:colcon.colcon_core.plugin_system:Skipping extension 'colcon_notification.desktop_notification.terminal_notifier': Not used on non-Darwin systems
[3.101s] INFO:colcon.colcon_core.plugin_system:Skipping extension 'colcon_notification.desktop_notification.win32': Not used on non-Windows systems
[3.101s] INFO:colcon.colcon_notification.desktop_notification:Sending desktop notification using 'notify2'
[3.130s] DEBUG:colcon.colcon_core.event_reactor:joined thread
[3.131s] INFO:colcon.colcon_core.shell:Creating prefix script '/home/marco/Documents/ur5-vision-control/ros2_ws/src/install/local_setup.ps1'
[3.133s] INFO:colcon.colcon_core.shell:Creating prefix util module '/home/marco/Documents/ur5-vision-control/ros2_ws/src/install/_local_setup_util_ps1.py'
[3.138s] INFO:colcon.colcon_core.shell:Creating prefix chain script '/home/marco/Documents/ur5-vision-control/ros2_ws/src/install/setup.ps1'
[3.142s] INFO:colcon.colcon_core.shell:Creating prefix script '/home/marco/Documents/ur5-vision-control/ros2_ws/src/install/local_setup.sh'
[3.144s] INFO:colcon.colcon_core.shell:Creating prefix util module '/home/marco/Documents/ur5-vision-control/ros2_ws/src/install/_local_setup_util_sh.py'
[3.145s] INFO:colcon.colcon_core.shell:Creating prefix chain script '/home/marco/Documents/ur5-vision-control/ros2_ws/src/install/setup.sh'
[3.149s] INFO:colcon.colcon_core.shell:Creating prefix script '/home/marco/Documents/ur5-vision-control/ros2_ws/src/install/local_setup.bash'
[3.151s] INFO:colcon.colcon_core.shell:Creating prefix chain script '/home/marco/Documents/ur5-vision-control/ros2_ws/src/install/setup.bash'
[3.154s] INFO:colcon.colcon_core.shell:Creating prefix script '/home/marco/Documents/ur5-vision-control/ros2_ws/src/install/local_setup.zsh'
[3.155s] INFO:colcon.colcon_core.shell:Creating prefix chain script '/home/marco/Documents/ur5-vision-control/ros2_ws/src/install/setup.zsh'
