[1.143s] Invoking command in '/home/marco/Documents/ur5-vision-control/ros2_ws/src/ur5_vision_control': PYTHONPATH=/home/marco/Documents/ur5-vision-control/ros2_ws/build/ur5_vision_control/prefix_override:/usr/lib/python3/dist-packages/colcon_core/task/python/colcon_distutils_commands:/home/marco/Documents/ur5-vision-control/ros2_ws/install/ur5_vision_control/lib/python3.10/site-packages:${PYTHONPATH} /usr/bin/python3 -W ignore:setup.py install is deprecated -W ignore:easy_install command is deprecated setup.py egg_info --egg-base ../../build/ur5_vision_control build --build-base /home/marco/Documents/ur5-vision-control/ros2_ws/build/ur5_vision_control/build install --record /home/marco/Documents/ur5-vision-control/ros2_ws/build/ur5_vision_control/install.log --single-version-externally-managed install_data
[1.536s] running egg_info
[1.537s] creating ../../build/ur5_vision_control/ur5_vision_control.egg-info
[1.537s] writing ../../build/ur5_vision_control/ur5_vision_control.egg-info/PKG-INFO
[1.538s] writing dependency_links to ../../build/ur5_vision_control/ur5_vision_control.egg-info/dependency_links.txt
[1.538s] writing entry points to ../../build/ur5_vision_control/ur5_vision_control.egg-info/entry_points.txt
[1.538s] writing requirements to ../../build/ur5_vision_control/ur5_vision_control.egg-info/requires.txt
[1.538s] writing top-level names to ../../build/ur5_vision_control/ur5_vision_control.egg-info/top_level.txt
[1.539s] writing manifest file '../../build/ur5_vision_control/ur5_vision_control.egg-info/SOURCES.txt'
[1.541s] reading manifest file '../../build/ur5_vision_control/ur5_vision_control.egg-info/SOURCES.txt'
[1.542s] writing manifest file '../../build/ur5_vision_control/ur5_vision_control.egg-info/SOURCES.txt'
[1.542s] running build
[1.543s] running build_py
[1.543s] creating /home/marco/Documents/ur5-vision-control/ros2_ws/build/ur5_vision_control/build
[1.543s] creating /home/marco/Documents/ur5-vision-control/ros2_ws/build/ur5_vision_control/build/lib
[1.543s] creating /home/marco/Documents/ur5-vision-control/ros2_ws/build/ur5_vision_control/build/lib/ur5_vision_control
[1.543s] copying ur5_vision_control/__init__.py -> /home/marco/Documents/ur5-vision-control/ros2_ws/build/ur5_vision_control/build/lib/ur5_vision_control
[1.543s] copying ur5_vision_control/click_controller_node.py -> /home/marco/Documents/ur5-vision-control/ros2_ws/build/ur5_vision_control/build/lib/ur5_vision_control
[1.543s] copying ur5_vision_control/aruco_controller_node.py -> /home/marco/Documents/ur5-vision-control/ros2_ws/build/ur5_vision_control/build/lib/ur5_vision_control
[1.543s] running install
[1.544s] running install_lib
[1.545s] creating /home/marco/Documents/ur5-vision-control/ros2_ws/install/ur5_vision_control/lib/python3.10/site-packages/ur5_vision_control
[1.546s] copying /home/marco/Documents/ur5-vision-control/ros2_ws/build/ur5_vision_control/build/lib/ur5_vision_control/__init__.py -> /home/marco/Documents/ur5-vision-control/ros2_ws/install/ur5_vision_control/lib/python3.10/site-packages/ur5_vision_control
[1.546s] copying /home/marco/Documents/ur5-vision-control/ros2_ws/build/ur5_vision_control/build/lib/ur5_vision_control/click_controller_node.py -> /home/marco/Documents/ur5-vision-control/ros2_ws/install/ur5_vision_control/lib/python3.10/site-packages/ur5_vision_control
[1.546s] copying /home/marco/Documents/ur5-vision-control/ros2_ws/build/ur5_vision_control/build/lib/ur5_vision_control/aruco_controller_node.py -> /home/marco/Documents/ur5-vision-control/ros2_ws/install/ur5_vision_control/lib/python3.10/site-packages/ur5_vision_control
[1.547s] byte-compiling /home/marco/Documents/ur5-vision-control/ros2_ws/install/ur5_vision_control/lib/python3.10/site-packages/ur5_vision_control/__init__.py to __init__.cpython-310.pyc
[1.547s] byte-compiling /home/marco/Documents/ur5-vision-control/ros2_ws/install/ur5_vision_control/lib/python3.10/site-packages/ur5_vision_control/click_controller_node.py to click_controller_node.cpython-310.pyc
[1.548s] byte-compiling /home/marco/Documents/ur5-vision-control/ros2_ws/install/ur5_vision_control/lib/python3.10/site-packages/ur5_vision_control/aruco_controller_node.py to aruco_controller_node.cpython-310.pyc
[1.549s] running install_data
[1.549s] creating /home/marco/Documents/ur5-vision-control/ros2_ws/install/ur5_vision_control/share/ament_index
[1.550s] creating /home/marco/Documents/ur5-vision-control/ros2_ws/install/ur5_vision_control/share/ament_index/resource_index
[1.550s] creating /home/marco/Documents/ur5-vision-control/ros2_ws/install/ur5_vision_control/share/ament_index/resource_index/packages
[1.550s] copying resource/ur5_vision_control -> /home/marco/Documents/ur5-vision-control/ros2_ws/install/ur5_vision_control/share/ament_index/resource_index/packages
[1.550s] copying package.xml -> /home/marco/Documents/ur5-vision-control/ros2_ws/install/ur5_vision_control/share/ur5_vision_control
[1.550s] creating /home/marco/Documents/ur5-vision-control/ros2_ws/install/ur5_vision_control/share/ur5_vision_control/launch
[1.551s] copying launch/ur5_vision_control.launch.py -> /home/marco/Documents/ur5-vision-control/ros2_ws/install/ur5_vision_control/share/ur5_vision_control/launch
[1.551s] running install_egg_info
[1.553s] Copying ../../build/ur5_vision_control/ur5_vision_control.egg-info to /home/marco/Documents/ur5-vision-control/ros2_ws/install/ur5_vision_control/lib/python3.10/site-packages/ur5_vision_control-0.0.1-py3.10.egg-info
[1.555s] running install_scripts
[1.591s] Installing aruco_controller_node script to /home/marco/Documents/ur5-vision-control/ros2_ws/install/ur5_vision_control/lib/ur5_vision_control
[1.591s] Installing click_controller_node script to /home/marco/Documents/ur5-vision-control/ros2_ws/install/ur5_vision_control/lib/ur5_vision_control
[1.592s] writing list of installed files to '/home/marco/Documents/ur5-vision-control/ros2_ws/build/ur5_vision_control/install.log'
[1.635s] Invoked command in '/home/marco/Documents/ur5-vision-control/ros2_ws/src/ur5_vision_control' returned '0': PYTHONPATH=/home/marco/Documents/ur5-vision-control/ros2_ws/build/ur5_vision_control/prefix_override:/usr/lib/python3/dist-packages/colcon_core/task/python/colcon_distutils_commands:/home/marco/Documents/ur5-vision-control/ros2_ws/install/ur5_vision_control/lib/python3.10/site-packages:${PYTHONPATH} /usr/bin/python3 -W ignore:setup.py install is deprecated -W ignore:easy_install command is deprecated setup.py egg_info --egg-base ../../build/ur5_vision_control build --build-base /home/marco/Documents/ur5-vision-control/ros2_ws/build/ur5_vision_control/build install --record /home/marco/Documents/ur5-vision-control/ros2_ws/build/ur5_vision_control/install.log --single-version-externally-managed install_data
