running egg_info
writing ../../../build/ur5_vision_control/ur5_vision_control.egg-info/PKG-INFO
writing dependency_links to ../../../build/ur5_vision_control/ur5_vision_control.egg-info/dependency_links.txt
writing entry points to ../../../build/ur5_vision_control/ur5_vision_control.egg-info/entry_points.txt
writing requirements to ../../../build/ur5_vision_control/ur5_vision_control.egg-info/requires.txt
writing top-level names to ../../../build/ur5_vision_control/ur5_vision_control.egg-info/top_level.txt
reading manifest file '../../../build/ur5_vision_control/ur5_vision_control.egg-info/SOURCES.txt'
writing manifest file '../../../build/ur5_vision_control/ur5_vision_control.egg-info/SOURCES.txt'
running build
running build_py
running install
running install_lib
running install_data
copying launch/full_system.launch.py -> /home/marco/Documents/ur5-vision-control/install/ur5_vision_control/share/ur5_vision_control/launch
running install_egg_info
Copying ../../../build/ur5_vision_control/ur5_vision_control.egg-info to /home/marco/Documents/ur5-vision-control/install/ur5_vision_control/lib/python3.10/site-packages/ur5_vision_control-0.0.1-py3.10.egg-info
running install_scripts
Installing aruco_controller_node script to /home/marco/Documents/ur5-vision-control/install/ur5_vision_control/lib/ur5_vision_control
Installing click_controller_node script to /home/marco/Documents/ur5-vision-control/install/ur5_vision_control/lib/ur5_vision_control
writing list of installed files to '/home/marco/Documents/ur5-vision-control/build/ur5_vision_control/install.log'
