[0.943s] Invoking command in '/home/marco/Documents/ur5-vision-control/ros2_ws/src/ur5_vision_control': PYTHONPATH=/home/marco/Documents/ur5-vision-control/ros2_ws/build/ur5_vision_control/prefix_override:/usr/lib/python3/dist-packages/colcon_core/task/python/colcon_distutils_commands:/home/marco/Documents/ur5-vision-control/ros2_ws/install/ur5_vision_control/lib/python3.10/site-packages:${PYTHONPATH} /usr/bin/python3 -W ignore:setup.py install is deprecated -W ignore:easy_install command is deprecated setup.py egg_info --egg-base ../../build/ur5_vision_control build --build-base /home/marco/Documents/ur5-vision-control/ros2_ws/build/ur5_vision_control/build install --record /home/marco/Documents/ur5-vision-control/ros2_ws/build/ur5_vision_control/install.log --single-version-externally-managed install_data
[1.292s] running egg_info
[1.293s] writing ../../build/ur5_vision_control/ur5_vision_control.egg-info/PKG-INFO
[1.294s] writing dependency_links to ../../build/ur5_vision_control/ur5_vision_control.egg-info/dependency_links.txt
[1.294s] writing entry points to ../../build/ur5_vision_control/ur5_vision_control.egg-info/entry_points.txt
[1.294s] writing requirements to ../../build/ur5_vision_control/ur5_vision_control.egg-info/requires.txt
[1.294s] writing top-level names to ../../build/ur5_vision_control/ur5_vision_control.egg-info/top_level.txt
[1.297s] reading manifest file '../../build/ur5_vision_control/ur5_vision_control.egg-info/SOURCES.txt'
[1.298s] writing manifest file '../../build/ur5_vision_control/ur5_vision_control.egg-info/SOURCES.txt'
[1.298s] running build
[1.298s] running build_py
[1.299s] copying ur5_vision_control/click_controller_node.py -> /home/marco/Documents/ur5-vision-control/ros2_ws/build/ur5_vision_control/build/lib/ur5_vision_control
[1.299s] copying ur5_vision_control/aruco_controller_node.py -> /home/marco/Documents/ur5-vision-control/ros2_ws/build/ur5_vision_control/build/lib/ur5_vision_control
[1.299s] running install
[1.299s] running install_lib
[1.301s] copying /home/marco/Documents/ur5-vision-control/ros2_ws/build/ur5_vision_control/build/lib/ur5_vision_control/click_controller_node.py -> /home/marco/Documents/ur5-vision-control/ros2_ws/install/ur5_vision_control/lib/python3.10/site-packages/ur5_vision_control
[1.301s] copying /home/marco/Documents/ur5-vision-control/ros2_ws/build/ur5_vision_control/build/lib/ur5_vision_control/aruco_controller_node.py -> /home/marco/Documents/ur5-vision-control/ros2_ws/install/ur5_vision_control/lib/python3.10/site-packages/ur5_vision_control
[1.301s] byte-compiling /home/marco/Documents/ur5-vision-control/ros2_ws/install/ur5_vision_control/lib/python3.10/site-packages/ur5_vision_control/click_controller_node.py to click_controller_node.cpython-310.pyc
[1.302s] byte-compiling /home/marco/Documents/ur5-vision-control/ros2_ws/install/ur5_vision_control/lib/python3.10/site-packages/ur5_vision_control/aruco_controller_node.py to aruco_controller_node.cpython-310.pyc
[1.302s] running install_data
[1.302s] copying package.xml -> /home/marco/Documents/ur5-vision-control/ros2_ws/install/ur5_vision_control/share/ur5_vision_control
[1.303s] creating /home/marco/Documents/ur5-vision-control/ros2_ws/install/ur5_vision_control/share/ur5_vision_control/launch
[1.303s] error: can't copy 'launch/ur5_vision_control.launch.py': doesn't exist or not a regular file
[1.335s] Invoked command in '/home/marco/Documents/ur5-vision-control/ros2_ws/src/ur5_vision_control' returned '1': PYTHONPATH=/home/marco/Documents/ur5-vision-control/ros2_ws/build/ur5_vision_control/prefix_override:/usr/lib/python3/dist-packages/colcon_core/task/python/colcon_distutils_commands:/home/marco/Documents/ur5-vision-control/ros2_ws/install/ur5_vision_control/lib/python3.10/site-packages:${PYTHONPATH} /usr/bin/python3 -W ignore:setup.py install is deprecated -W ignore:easy_install command is deprecated setup.py egg_info --egg-base ../../build/ur5_vision_control build --build-base /home/marco/Documents/ur5-vision-control/ros2_ws/build/ur5_vision_control/build install --record /home/marco/Documents/ur5-vision-control/ros2_ws/build/ur5_vision_control/install.log --single-version-externally-managed install_data
