[0.701s] Invoking command in '/home/marco/Documents/ur5-vision-control/ros2_ws/src/ur5_vision_control': PYTHONPATH=/home/marco/Documents/ur5-vision-control/build/ur5_vision_control/prefix_override:/usr/lib/python3/dist-packages/colcon_core/task/python/colcon_distutils_commands:/home/marco/Documents/ur5-vision-control/install/ur5_vision_control/lib/python3.10/site-packages:${PYTHONPATH} /usr/bin/python3 -W ignore:setup.py install is deprecated -W ignore:easy_install command is deprecated setup.py egg_info --egg-base ../../../build/ur5_vision_control build --build-base /home/marco/Documents/ur5-vision-control/build/ur5_vision_control/build install --record /home/marco/Documents/ur5-vision-control/build/ur5_vision_control/install.log --single-version-externally-managed install_data
[0.967s] running egg_info
[0.968s] writing ../../../build/ur5_vision_control/ur5_vision_control.egg-info/PKG-INFO
[0.968s] writing dependency_links to ../../../build/ur5_vision_control/ur5_vision_control.egg-info/dependency_links.txt
[0.968s] writing entry points to ../../../build/ur5_vision_control/ur5_vision_control.egg-info/entry_points.txt
[0.968s] writing requirements to ../../../build/ur5_vision_control/ur5_vision_control.egg-info/requires.txt
[0.969s] writing top-level names to ../../../build/ur5_vision_control/ur5_vision_control.egg-info/top_level.txt
[0.971s] reading manifest file '../../../build/ur5_vision_control/ur5_vision_control.egg-info/SOURCES.txt'
[0.972s] writing manifest file '../../../build/ur5_vision_control/ur5_vision_control.egg-info/SOURCES.txt'
[0.972s] running build
[0.972s] running build_py
[0.972s] copying ur5_vision_control/click_controller_node.py -> /home/marco/Documents/ur5-vision-control/build/ur5_vision_control/build/lib/ur5_vision_control
[0.972s] copying ur5_vision_control/aruco_controller_node.py -> /home/marco/Documents/ur5-vision-control/build/ur5_vision_control/build/lib/ur5_vision_control
[0.972s] running install
[0.973s] running install_lib
[0.974s] copying /home/marco/Documents/ur5-vision-control/build/ur5_vision_control/build/lib/ur5_vision_control/click_controller_node.py -> /home/marco/Documents/ur5-vision-control/install/ur5_vision_control/lib/python3.10/site-packages/ur5_vision_control
[0.974s] copying /home/marco/Documents/ur5-vision-control/build/ur5_vision_control/build/lib/ur5_vision_control/aruco_controller_node.py -> /home/marco/Documents/ur5-vision-control/install/ur5_vision_control/lib/python3.10/site-packages/ur5_vision_control
[0.974s] byte-compiling /home/marco/Documents/ur5-vision-control/install/ur5_vision_control/lib/python3.10/site-packages/ur5_vision_control/click_controller_node.py to click_controller_node.cpython-310.pyc
[0.975s] byte-compiling /home/marco/Documents/ur5-vision-control/install/ur5_vision_control/lib/python3.10/site-packages/ur5_vision_control/aruco_controller_node.py to aruco_controller_node.cpython-310.pyc
[0.976s] running install_data
[0.976s] running install_egg_info
[0.978s] removing '/home/marco/Documents/ur5-vision-control/install/ur5_vision_control/lib/python3.10/site-packages/ur5_vision_control-0.0.1-py3.10.egg-info' (and everything under it)
[0.978s] Copying ../../../build/ur5_vision_control/ur5_vision_control.egg-info to /home/marco/Documents/ur5-vision-control/install/ur5_vision_control/lib/python3.10/site-packages/ur5_vision_control-0.0.1-py3.10.egg-info
[0.979s] running install_scripts
[1.001s] Installing aruco_controller_node script to /home/marco/Documents/ur5-vision-control/install/ur5_vision_control/lib/ur5_vision_control
[1.001s] Installing click_controller_node script to /home/marco/Documents/ur5-vision-control/install/ur5_vision_control/lib/ur5_vision_control
[1.002s] writing list of installed files to '/home/marco/Documents/ur5-vision-control/build/ur5_vision_control/install.log'
[1.028s] Invoked command in '/home/marco/Documents/ur5-vision-control/ros2_ws/src/ur5_vision_control' returned '0': PYTHONPATH=/home/marco/Documents/ur5-vision-control/build/ur5_vision_control/prefix_override:/usr/lib/python3/dist-packages/colcon_core/task/python/colcon_distutils_commands:/home/marco/Documents/ur5-vision-control/install/ur5_vision_control/lib/python3.10/site-packages:${PYTHONPATH} /usr/bin/python3 -W ignore:setup.py install is deprecated -W ignore:easy_install command is deprecated setup.py egg_info --egg-base ../../../build/ur5_vision_control build --build-base /home/marco/Documents/ur5-vision-control/build/ur5_vision_control/build install --record /home/marco/Documents/ur5-vision-control/build/ur5_vision_control/install.log --single-version-externally-managed install_data
