[0.711s] Invoking command in '/home/marco/Documents/ur5-vision-control/ros2_ws/src/ur5_vision_control': PYTHONPATH=/home/marco/Documents/ur5-vision-control/build/ur5_vision_control/prefix_override:/usr/lib/python3/dist-packages/colcon_core/task/python/colcon_distutils_commands:/home/marco/Documents/ur5-vision-control/install/ur5_vision_control/lib/python3.10/site-packages:${PYTHONPATH} /usr/bin/python3 -W ignore:setup.py install is deprecated -W ignore:easy_install command is deprecated setup.py egg_info --egg-base ../../../build/ur5_vision_control build --build-base /home/marco/Documents/ur5-vision-control/build/ur5_vision_control/build install --record /home/marco/Documents/ur5-vision-control/build/ur5_vision_control/install.log --single-version-externally-managed install_data
[0.981s] running egg_info
[0.981s] writing ../../../build/ur5_vision_control/ur5_vision_control.egg-info/PKG-INFO
[0.981s] writing dependency_links to ../../../build/ur5_vision_control/ur5_vision_control.egg-info/dependency_links.txt
[0.982s] writing entry points to ../../../build/ur5_vision_control/ur5_vision_control.egg-info/entry_points.txt
[0.982s] writing requirements to ../../../build/ur5_vision_control/ur5_vision_control.egg-info/requires.txt
[0.982s] writing top-level names to ../../../build/ur5_vision_control/ur5_vision_control.egg-info/top_level.txt
[0.984s] reading manifest file '../../../build/ur5_vision_control/ur5_vision_control.egg-info/SOURCES.txt'
[0.985s] writing manifest file '../../../build/ur5_vision_control/ur5_vision_control.egg-info/SOURCES.txt'
[0.985s] running build
[0.985s] running build_py
[0.985s] copying ur5_vision_control/aruco_controller_node.py -> /home/marco/Documents/ur5-vision-control/build/ur5_vision_control/build/lib/ur5_vision_control
[0.985s] running install
[0.986s] running install_lib
[0.987s] copying /home/marco/Documents/ur5-vision-control/build/ur5_vision_control/build/lib/ur5_vision_control/aruco_controller_node.py -> /home/marco/Documents/ur5-vision-control/install/ur5_vision_control/lib/python3.10/site-packages/ur5_vision_control
[0.987s] byte-compiling /home/marco/Documents/ur5-vision-control/install/ur5_vision_control/lib/python3.10/site-packages/ur5_vision_control/aruco_controller_node.py to aruco_controller_node.cpython-310.pyc
[0.988s] running install_data
[0.988s] running install_egg_info
[0.990s] removing '/home/marco/Documents/ur5-vision-control/install/ur5_vision_control/lib/python3.10/site-packages/ur5_vision_control-0.0.1-py3.10.egg-info' (and everything under it)
[0.990s] Copying ../../../build/ur5_vision_control/ur5_vision_control.egg-info to /home/marco/Documents/ur5-vision-control/install/ur5_vision_control/lib/python3.10/site-packages/ur5_vision_control-0.0.1-py3.10.egg-info
[0.991s] running install_scripts
[1.014s] Installing aruco_controller_node script to /home/marco/Documents/ur5-vision-control/install/ur5_vision_control/lib/ur5_vision_control
[1.014s] Installing click_controller_node script to /home/marco/Documents/ur5-vision-control/install/ur5_vision_control/lib/ur5_vision_control
[1.014s] writing list of installed files to '/home/marco/Documents/ur5-vision-control/build/ur5_vision_control/install.log'
[1.043s] Invoked command in '/home/marco/Documents/ur5-vision-control/ros2_ws/src/ur5_vision_control' returned '0': PYTHONPATH=/home/marco/Documents/ur5-vision-control/build/ur5_vision_control/prefix_override:/usr/lib/python3/dist-packages/colcon_core/task/python/colcon_distutils_commands:/home/marco/Documents/ur5-vision-control/install/ur5_vision_control/lib/python3.10/site-packages:${PYTHONPATH} /usr/bin/python3 -W ignore:setup.py install is deprecated -W ignore:easy_install command is deprecated setup.py egg_info --egg-base ../../../build/ur5_vision_control build --build-base /home/marco/Documents/ur5-vision-control/build/ur5_vision_control/build install --record /home/marco/Documents/ur5-vision-control/build/ur5_vision_control/install.log --single-version-externally-managed install_data
